\BOOKMARK [1][-]{section*.4}{Lista de Figuras}{}% 1
\BOOKMARK [1][-]{section.1}{Proteus}{}% 2
\BOOKMARK [2][-]{subsection.1.1}{Proteus Interface}{section.1}% 3
\BOOKMARK [2][-]{subsection.1.2}{Proteus ISIS Interface}{section.1}% 4
\BOOKMARK [1][-]{section.2}{Simula\347\343o 80c51 Assembler}{}% 5
\BOOKMARK [2][-]{subsection.2.1}{Pr\341ticas Bot\365es e Leds}{section.2}% 6
\BOOKMARK [2][-]{subsection.2.2}{Simula\347\343o Mem\363ria Ram e Rom Externas}{section.2}% 7
\BOOKMARK [2][-]{subsection.2.3}{Comunica\347\343o Serial}{section.2}% 8
\BOOKMARK [2][-]{subsection.2.4}{Timers, Interrup\347\365es e Contadores : Projeto Conversor AD}{section.2}% 9
\BOOKMARK [3][-]{subsubsection.2.4.1}{Conversores e Breve Convers\343o AD e DA}{subsection.2.4}% 10
\BOOKMARK [2][-]{subsection.2.5}{Conversor AD e DA Controlado Pelo 80c51}{section.2}% 11
\BOOKMARK [2][-]{subsection.2.6}{Motor de Passo}{section.2}% 12
\BOOKMARK [2][-]{subsection.2.7}{Display de Sete Segmetos e LCD}{section.2}% 13
\BOOKMARK [3][-]{subsubsection.2.7.1}{Display LCD}{subsection.2.7}% 14
\BOOKMARK [1][-]{section.3}{Projetos 80c51 em Linguagem C}{}% 15
\BOOKMARK [2][-]{subsection.3.1}{Motor de Passo Controlado Pela Interface Serial}{section.3}% 16
\BOOKMARK [2][-]{subsection.3.2}{Frequ\352ncimetro}{section.3}% 17
\BOOKMARK [2][-]{subsection.3.3}{Term\364metro com Tabela e Polin\364mio}{section.3}% 18
\BOOKMARK [1][-]{section.4}{Projeto de Dipositivos Decodificados}{}% 19
\BOOKMARK [1][-]{section.5}{Conclus\365es}{}% 20
\BOOKMARK [1][-]{section.6}{Ap\352ndice1\205C\363digos\205Assembler}{}% 21
\BOOKMARK [2][-]{subsection.6.1}{Programa:Chaves e Bot\365es}{section.6}% 22
\BOOKMARK [2][-]{subsection.6.2}{Prgrama:Chaves e Bot\365es Com Op\347\343o de Piscar Led3 e Led1}{section.6}% 23
\BOOKMARK [2][-]{subsection.6.3}{Programa que Preenche uma Mem\363ria Ram Externa de 64Kbytes}{section.6}% 24
\BOOKMARK [2][-]{subsection.6.4}{Envio Continuo de Caracter, Caracter Considerado 'F'}{section.6}% 25
\BOOKMARK [2][-]{subsection.6.5}{Programa Que Envia Frase Para Serial Dependendo da Letra de Entrada}{section.6}% 26
\BOOKMARK [2][-]{subsection.6.6}{Conversor AD DA ideal}{section.6}% 27
\BOOKMARK [2][-]{subsection.6.7}{Exerc\355cio Conversor AD}{section.6}% 28
\BOOKMARK [2][-]{subsection.6.8}{Exerc\355cio Motor de Passo}{section.6}% 29
\BOOKMARK [2][-]{subsection.6.9}{Exerc\355cio:Display De Sete Segmentos}{section.6}% 30
\BOOKMARK [2][-]{subsection.6.10}{Programa LCD 8 Bits}{section.6}% 31
\BOOKMARK [2][-]{subsection.6.11}{Programa LCD 4 Bits}{section.6}% 32
\BOOKMARK [1][-]{section.7}{Programas em Linguagem C Compiladas por SDCC}{}% 33
\BOOKMARK [2][-]{subsection.7.1}{Bot\365es e Chaves}{section.7}% 34
\BOOKMARK [2][-]{subsection.7.2}{Envio Continuo de Caracter}{section.7}% 35
\BOOKMARK [2][-]{subsection.7.3}{Envio De Caracter Via Interrup\347\343o}{section.7}% 36
\BOOKMARK [2][-]{subsection.7.4}{LCD 8 Bits}{section.7}% 37
\BOOKMARK [2][-]{subsection.7.5}{LCD 4 Bits}{section.7}% 38
\BOOKMARK [2][-]{subsection.7.6}{Envio De Frase Dependendo da Letra}{section.7}% 39
\BOOKMARK [2][-]{subsection.7.7}{Frequ\352ncimetro}{section.7}% 40
\BOOKMARK [3][-]{subsubsection.7.7.1}{Arquivo main.c}{subsection.7.7}% 41
\BOOKMARK [3][-]{subsubsection.7.7.2}{arquivo lcd.c}{subsection.7.7}% 42
\BOOKMARK [3][-]{subsubsection.7.7.3}{arquivo frequencimetro.h}{subsection.7.7}% 43
\BOOKMARK [2][-]{subsection.7.8}{Motor de Passo}{section.7}% 44
\BOOKMARK [3][-]{subsubsection.7.8.1}{Arquivo main.c}{subsection.7.8}% 45
\BOOKMARK [3][-]{subsubsection.7.8.2}{arquivo serialconfig.c}{subsection.7.8}% 46
\BOOKMARK [3][-]{subsubsection.7.8.3}{arquivo MOTORDEPASSO.h}{subsection.7.8}% 47
\BOOKMARK [2][-]{subsection.7.9}{Term\364metro Indefinido}{section.7}% 48
\BOOKMARK [3][-]{subsubsection.7.9.1}{arquivo main.c}{subsection.7.9}% 49
\BOOKMARK [3][-]{subsubsection.7.9.2}{arquivo timerinterruptconfig.c}{subsection.7.9}% 50
\BOOKMARK [3][-]{subsubsection.7.9.3}{arquivo TERMOMETRO.h}{subsection.7.9}% 51
\BOOKMARK [2][-]{subsection.7.10}{Term\364metro com Tabela}{section.7}% 52
\BOOKMARK [3][-]{subsubsection.7.10.1}{Arquivo main.c}{subsection.7.10}% 53
\BOOKMARK [3][-]{subsubsection.7.10.2}{arquivo interruptconfig.c}{subsection.7.10}% 54
\BOOKMARK [3][-]{subsubsection.7.10.3}{arquivo TERMOMETRO.h}{subsection.7.10}% 55
\BOOKMARK [2][-]{subsection.7.11}{Term\364metro com Polin\364mio}{section.7}% 56
\BOOKMARK [3][-]{subsubsection.7.11.1}{Arquivo main.c}{subsection.7.11}% 57
\BOOKMARK [3][-]{subsubsection.7.11.2}{arquivo TERMOMETRO.h}{subsection.7.11}% 58
\BOOKMARK [3][-]{subsubsection.7.11.3}{arquivo serialtimerconfig}{subsection.7.11}% 59
\BOOKMARK [1][-]{section.8}{Ap\352ndice2: Simula\347\343o no Proteus do Sistema Motor DC}{}% 60
\BOOKMARK [1][-]{section.9}{Revis\343o de trabalhos feito no Proteus}{}% 61
\BOOKMARK [1][-]{section.10}{Simula\347\365es em Malha aberta}{}% 62
\BOOKMARK [1][-]{section.11}{Simula\347\365es do Controle em Malha Fechada.}{}% 63
\BOOKMARK [1][-]{section.12}{Simula\347\343o PWM no Proteus e Constru\347\343o da Placa de Controle}{}% 64
\BOOKMARK [1][-]{section.13}{Conclus\343o Simula\347\343o Proteus}{}% 65
\BOOKMARK [1][-]{section*.47}{Refer\352ncias}{}% 66
